0 info it worked if it ends with ok
1 verbose cli [ '/usr/bin/node', '/usr/bin/npm', 'update' ]
2 info using npm@3.10.10
3 info using node@v6.11.4
4 silly mapToRegistry name ejs
5 silly mapToRegistry using default registry
6 silly mapToRegistry registry https://registry.npmjs.org/
7 silly mapToRegistry data Result {
7 silly mapToRegistry   raw: 'ejs',
7 silly mapToRegistry   scope: null,
7 silly mapToRegistry   escapedName: 'ejs',
7 silly mapToRegistry   name: 'ejs',
7 silly mapToRegistry   rawSpec: '',
7 silly mapToRegistry   spec: 'latest',
7 silly mapToRegistry   type: 'tag' }
8 silly mapToRegistry uri https://registry.npmjs.org/ejs
9 silly mapToRegistry name express
10 silly mapToRegistry using default registry
11 silly mapToRegistry registry https://registry.npmjs.org/
12 silly mapToRegistry data Result {
12 silly mapToRegistry   raw: 'express',
12 silly mapToRegistry   scope: null,
12 silly mapToRegistry   escapedName: 'express',
12 silly mapToRegistry   name: 'express',
12 silly mapToRegistry   rawSpec: '',
12 silly mapToRegistry   spec: 'latest',
12 silly mapToRegistry   type: 'tag' }
13 silly mapToRegistry uri https://registry.npmjs.org/express
14 verbose request uri https://registry.npmjs.org/ejs
15 verbose request no auth needed
16 info attempt registry request try #1 at 9:35:36 PM
17 verbose request id 6d300dce98da5c89
18 verbose etag W/"59de3d44-1133a"
19 verbose lastModified Wed, 11 Oct 2017 15:48:20 GMT
20 http request GET https://registry.npmjs.org/ejs
21 verbose request uri https://registry.npmjs.org/express
22 verbose request no auth needed
23 info attempt registry request try #1 at 9:35:36 PM
24 verbose etag W/"59e11964-93382"
25 verbose lastModified Fri, 13 Oct 2017 19:52:04 GMT
26 http request GET https://registry.npmjs.org/express
27 http 304 https://registry.npmjs.org/ejs
28 verbose headers { date: 'Fri, 13 Oct 2017 21:35:37 GMT',
28 verbose headers   via: '1.1 varnish',
28 verbose headers   'cache-control': 'max-age=300',
28 verbose headers   etag: 'W/"59de3d44-1133a"',
28 verbose headers   age: '85',
28 verbose headers   connection: 'keep-alive',
28 verbose headers   'x-served-by': 'cache-ams4447-AMS',
28 verbose headers   'x-cache': 'HIT',
28 verbose headers   'x-cache-hits': '1',
28 verbose headers   'x-timer': 'S1507930537.123004,VS0,VE0',
28 verbose headers   vary: 'Accept-Encoding, Accept' }
29 silly get cb [ 304,
29 silly get   { date: 'Fri, 13 Oct 2017 21:35:37 GMT',
29 silly get     via: '1.1 varnish',
29 silly get     'cache-control': 'max-age=300',
29 silly get     etag: 'W/"59de3d44-1133a"',
29 silly get     age: '85',
29 silly get     connection: 'keep-alive',
29 silly get     'x-served-by': 'cache-ams4447-AMS',
29 silly get     'x-cache': 'HIT',
29 silly get     'x-cache-hits': '1',
29 silly get     'x-timer': 'S1507930537.123004,VS0,VE0',
29 silly get     vary: 'Accept-Encoding, Accept' } ]
30 verbose etag https://registry.npmjs.org/ejs from cache
31 verbose get saving ejs to /home/ubuntu/.npm/registry.npmjs.org/ejs/.cache.json
32 verbose correctMkdir /home/ubuntu/.npm correctMkdir not in flight; initializing
33 http 304 https://registry.npmjs.org/express
34 verbose headers { date: 'Fri, 13 Oct 2017 21:35:37 GMT',
34 verbose headers   via: '1.1 varnish',
34 verbose headers   'cache-control': 'max-age=300',
34 verbose headers   etag: 'W/"59e11964-93382"',
34 verbose headers   age: '74',
34 verbose headers   connection: 'keep-alive',
34 verbose headers   'x-served-by': 'cache-ams4127-AMS',
34 verbose headers   'x-cache': 'HIT',
34 verbose headers   'x-cache-hits': '1',
34 verbose headers   'x-timer': 'S1507930537.123454,VS0,VE2',
34 verbose headers   vary: 'Accept-Encoding, Accept' }
35 silly get cb [ 304,
35 silly get   { date: 'Fri, 13 Oct 2017 21:35:37 GMT',
35 silly get     via: '1.1 varnish',
35 silly get     'cache-control': 'max-age=300',
35 silly get     etag: 'W/"59e11964-93382"',
35 silly get     age: '74',
35 silly get     connection: 'keep-alive',
35 silly get     'x-served-by': 'cache-ams4127-AMS',
35 silly get     'x-cache': 'HIT',
35 silly get     'x-cache-hits': '1',
35 silly get     'x-timer': 'S1507930537.123454,VS0,VE2',
35 silly get     vary: 'Accept-Encoding, Accept' } ]
36 verbose etag https://registry.npmjs.org/express from cache
37 verbose get saving express to /home/ubuntu/.npm/registry.npmjs.org/express/.cache.json
38 verbose correctMkdir /home/ubuntu/.npm correctMkdir already in flight; waiting
39 info outdated updating [ { dep:
39 info outdated      { package: [Object],
39 info outdated        path: '/media/ubuntu/HUSAINZAK/HACKDTU',
39 info outdated        parent: [Object],
39 info outdated        isMissing: true },
39 info outdated     depname: 'express',
39 info outdated     current: undefined,
39 info outdated     wanted: '4.16.2',
39 info outdated     latest: '4.16.2',
39 info outdated     req: '^4.15.3',
39 info outdated     what: 'express@4.16.2' } ]
40 silly loadCurrentTree Starting
41 silly install loadCurrentTree
42 silly install readLocalPackageData
43 silly fetchPackageMetaData express@4.16.2
44 silly fetchNamedPackageData express
45 silly mapToRegistry name express
46 silly mapToRegistry using default registry
47 silly mapToRegistry registry https://registry.npmjs.org/
48 silly mapToRegistry data Result {
48 silly mapToRegistry   raw: 'express',
48 silly mapToRegistry   scope: null,
48 silly mapToRegistry   escapedName: 'express',
48 silly mapToRegistry   name: 'express',
48 silly mapToRegistry   rawSpec: '',
48 silly mapToRegistry   spec: 'latest',
48 silly mapToRegistry   type: 'tag' }
49 silly mapToRegistry uri https://registry.npmjs.org/express
50 verbose get https://registry.npmjs.org/express not expired, no request
51 silly install normalizeTree
52 silly loadCurrentTree Finishing
53 silly loadIdealTree Starting
54 silly install loadIdealTree
55 silly cloneCurrentTree Starting
56 silly install cloneCurrentTreeToIdealTree
57 silly cloneCurrentTree Finishing
58 silly loadShrinkwrap Starting
59 silly install loadShrinkwrap
60 silly loadShrinkwrap Finishing
61 silly loadAllDepsIntoIdealTree Starting
62 silly install loadAllDepsIntoIdealTree
63 silly resolveWithNewModule express@4.16.2 checking installable status
64 silly cache add args [ 'express@4.16.2', null ]
65 verbose cache add spec express@4.16.2
66 silly cache add parsed spec Result {
66 silly cache add   raw: 'express@4.16.2',
66 silly cache add   scope: null,
66 silly cache add   escapedName: 'express',
66 silly cache add   name: 'express',
66 silly cache add   rawSpec: '4.16.2',
66 silly cache add   spec: '4.16.2',
66 silly cache add   type: 'version' }
67 silly addNamed express@4.16.2
68 verbose addNamed "4.16.2" is a plain semver version for express
69 silly mapToRegistry name express
70 silly mapToRegistry using default registry
71 silly mapToRegistry registry https://registry.npmjs.org/
72 silly mapToRegistry data Result {
72 silly mapToRegistry   raw: 'express',
72 silly mapToRegistry   scope: null,
72 silly mapToRegistry   escapedName: 'express',
72 silly mapToRegistry   name: 'express',
72 silly mapToRegistry   rawSpec: '',
72 silly mapToRegistry   spec: 'latest',
72 silly mapToRegistry   type: 'tag' }
73 silly mapToRegistry uri https://registry.npmjs.org/express
74 verbose addNameVersion registry:https://registry.npmjs.org/express not in flight; fetching
75 verbose get https://registry.npmjs.org/express not expired, no request
76 silly cache afterAdd express@4.16.2
77 verbose afterAdd /home/ubuntu/.npm/express/4.16.2/package/package.json not in flight; writing
78 verbose correctMkdir /home/ubuntu/.npm correctMkdir not in flight; initializing
79 verbose afterAdd /home/ubuntu/.npm/express/4.16.2/package/package.json written
80 silly fetchNamedPackageData send
81 silly mapToRegistry name send
82 silly mapToRegistry using default registry
83 silly mapToRegistry registry https://registry.npmjs.org/
84 silly mapToRegistry data Result {
84 silly mapToRegistry   raw: 'send',
84 silly mapToRegistry   scope: null,
84 silly mapToRegistry   escapedName: 'send',
84 silly mapToRegistry   name: 'send',
84 silly mapToRegistry   rawSpec: '',
84 silly mapToRegistry   spec: 'latest',
84 silly mapToRegistry   type: 'tag' }
85 silly mapToRegistry uri https://registry.npmjs.org/send
86 silly fetchNamedPackageData serve-static
87 silly mapToRegistry name serve-static
88 silly mapToRegistry using default registry
89 silly mapToRegistry registry https://registry.npmjs.org/
90 silly mapToRegistry data Result {
90 silly mapToRegistry   raw: 'serve-static',
90 silly mapToRegistry   scope: null,
90 silly mapToRegistry   escapedName: 'serve-static',
90 silly mapToRegistry   name: 'serve-static',
90 silly mapToRegistry   rawSpec: '',
90 silly mapToRegistry   spec: 'latest',
90 silly mapToRegistry   type: 'tag' }
91 silly mapToRegistry uri https://registry.npmjs.org/serve-static
92 verbose request uri https://registry.npmjs.org/send
93 verbose request no auth needed
94 info attempt registry request try #1 at 9:35:37 PM
95 verbose etag W/"59dea420-17b66"
96 verbose lastModified Wed, 11 Oct 2017 23:07:12 GMT
97 http request GET https://registry.npmjs.org/send
98 verbose request uri https://registry.npmjs.org/serve-static
99 verbose request no auth needed
100 info attempt registry request try #1 at 9:35:37 PM
101 verbose etag W/"59cea8dc-17f44"
102 verbose lastModified Fri, 29 Sep 2017 20:11:08 GMT
103 http request GET https://registry.npmjs.org/serve-static
104 http 304 https://registry.npmjs.org/send
105 verbose headers { date: 'Fri, 13 Oct 2017 21:35:37 GMT',
105 verbose headers   via: '1.1 varnish',
105 verbose headers   'cache-control': 'max-age=300',
105 verbose headers   etag: 'W/"59dea420-17b66"',
105 verbose headers   age: '272',
105 verbose headers   connection: 'keep-alive',
105 verbose headers   'x-served-by': 'cache-ams4447-AMS',
105 verbose headers   'x-cache': 'HIT',
105 verbose headers   'x-cache-hits': '1',
105 verbose headers   'x-timer': 'S1507930538.530902,VS0,VE0',
105 verbose headers   vary: 'Accept-Encoding, Accept' }
106 silly get cb [ 304,
106 silly get   { date: 'Fri, 13 Oct 2017 21:35:37 GMT',
106 silly get     via: '1.1 varnish',
106 silly get     'cache-control': 'max-age=300',
106 silly get     etag: 'W/"59dea420-17b66"',
106 silly get     age: '272',
106 silly get     connection: 'keep-alive',
106 silly get     'x-served-by': 'cache-ams4447-AMS',
106 silly get     'x-cache': 'HIT',
106 silly get     'x-cache-hits': '1',
106 silly get     'x-timer': 'S1507930538.530902,VS0,VE0',
106 silly get     vary: 'Accept-Encoding, Accept' } ]
107 verbose etag https://registry.npmjs.org/send from cache
108 verbose get saving send to /home/ubuntu/.npm/registry.npmjs.org/send/.cache.json
109 verbose correctMkdir /home/ubuntu/.npm correctMkdir not in flight; initializing
110 http 304 https://registry.npmjs.org/serve-static
111 verbose headers { date: 'Fri, 13 Oct 2017 21:35:37 GMT',
111 verbose headers   via: '1.1 varnish',
111 verbose headers   'cache-control': 'max-age=300',
111 verbose headers   etag: 'W/"59cea8dc-17f44"',
111 verbose headers   age: '246',
111 verbose headers   connection: 'keep-alive',
111 verbose headers   'x-served-by': 'cache-ams4127-AMS',
111 verbose headers   'x-cache': 'HIT',
111 verbose headers   'x-cache-hits': '2',
111 verbose headers   'x-timer': 'S1507930538.531355,VS0,VE0',
111 verbose headers   vary: 'Accept-Encoding, Accept' }
112 silly get cb [ 304,
112 silly get   { date: 'Fri, 13 Oct 2017 21:35:37 GMT',
112 silly get     via: '1.1 varnish',
112 silly get     'cache-control': 'max-age=300',
112 silly get     etag: 'W/"59cea8dc-17f44"',
112 silly get     age: '246',
112 silly get     connection: 'keep-alive',
112 silly get     'x-served-by': 'cache-ams4127-AMS',
112 silly get     'x-cache': 'HIT',
112 silly get     'x-cache-hits': '2',
112 silly get     'x-timer': 'S1507930538.531355,VS0,VE0',
112 silly get     vary: 'Accept-Encoding, Accept' } ]
113 verbose etag https://registry.npmjs.org/serve-static from cache
114 verbose get saving serve-static to /home/ubuntu/.npm/registry.npmjs.org/serve-static/.cache.json
115 verbose correctMkdir /home/ubuntu/.npm correctMkdir not in flight; initializing
116 silly resolveWithNewModule send@0.16.1 checking installable status
117 silly cache add args [ 'send@0.16.1', null ]
118 verbose cache add spec send@0.16.1
119 silly cache add parsed spec Result {
119 silly cache add   raw: 'send@0.16.1',
119 silly cache add   scope: null,
119 silly cache add   escapedName: 'send',
119 silly cache add   name: 'send',
119 silly cache add   rawSpec: '0.16.1',
119 silly cache add   spec: '0.16.1',
119 silly cache add   type: 'version' }
120 silly addNamed send@0.16.1
121 verbose addNamed "0.16.1" is a plain semver version for send
122 silly mapToRegistry name send
123 silly mapToRegistry using default registry
124 silly mapToRegistry registry https://registry.npmjs.org/
125 silly mapToRegistry data Result {
125 silly mapToRegistry   raw: 'send',
125 silly mapToRegistry   scope: null,
125 silly mapToRegistry   escapedName: 'send',
125 silly mapToRegistry   name: 'send',
125 silly mapToRegistry   rawSpec: '',
125 silly mapToRegistry   spec: 'latest',
125 silly mapToRegistry   type: 'tag' }
126 silly mapToRegistry uri https://registry.npmjs.org/send
127 verbose addNameVersion registry:https://registry.npmjs.org/send not in flight; fetching
128 silly resolveWithNewModule serve-static@1.13.1 checking installable status
129 silly cache add args [ 'serve-static@1.13.1', null ]
130 verbose cache add spec serve-static@1.13.1
131 silly cache add parsed spec Result {
131 silly cache add   raw: 'serve-static@1.13.1',
131 silly cache add   scope: null,
131 silly cache add   escapedName: 'serve-static',
131 silly cache add   name: 'serve-static',
131 silly cache add   rawSpec: '1.13.1',
131 silly cache add   spec: '1.13.1',
131 silly cache add   type: 'version' }
132 silly addNamed serve-static@1.13.1
133 verbose addNamed "1.13.1" is a plain semver version for serve-static
134 silly mapToRegistry name serve-static
135 silly mapToRegistry using default registry
136 silly mapToRegistry registry https://registry.npmjs.org/
137 silly mapToRegistry data Result {
137 silly mapToRegistry   raw: 'serve-static',
137 silly mapToRegistry   scope: null,
137 silly mapToRegistry   escapedName: 'serve-static',
137 silly mapToRegistry   name: 'serve-static',
137 silly mapToRegistry   rawSpec: '',
137 silly mapToRegistry   spec: 'latest',
137 silly mapToRegistry   type: 'tag' }
138 silly mapToRegistry uri https://registry.npmjs.org/serve-static
139 verbose addNameVersion registry:https://registry.npmjs.org/serve-static not in flight; fetching
140 verbose get https://registry.npmjs.org/send not expired, no request
141 verbose get https://registry.npmjs.org/serve-static not expired, no request
142 silly cache afterAdd send@0.16.1
143 verbose afterAdd /home/ubuntu/.npm/send/0.16.1/package/package.json not in flight; writing
144 verbose correctMkdir /home/ubuntu/.npm correctMkdir not in flight; initializing
145 silly cache afterAdd serve-static@1.13.1
146 verbose afterAdd /home/ubuntu/.npm/serve-static/1.13.1/package/package.json not in flight; writing
147 verbose correctMkdir /home/ubuntu/.npm correctMkdir not in flight; initializing
148 verbose afterAdd /home/ubuntu/.npm/send/0.16.1/package/package.json written
149 verbose afterAdd /home/ubuntu/.npm/serve-static/1.13.1/package/package.json written
150 silly fetchNamedPackageData mime
151 silly mapToRegistry name mime
152 silly mapToRegistry using default registry
153 silly mapToRegistry registry https://registry.npmjs.org/
154 silly mapToRegistry data Result {
154 silly mapToRegistry   raw: 'mime',
154 silly mapToRegistry   scope: null,
154 silly mapToRegistry   escapedName: 'mime',
154 silly mapToRegistry   name: 'mime',
154 silly mapToRegistry   rawSpec: '',
154 silly mapToRegistry   spec: 'latest',
154 silly mapToRegistry   type: 'tag' }
155 silly mapToRegistry uri https://registry.npmjs.org/mime
156 verbose request uri https://registry.npmjs.org/mime
157 verbose request no auth needed
158 info attempt registry request try #1 at 9:35:37 PM
159 verbose etag W/"59c94d2f-8fdd"
160 verbose lastModified Mon, 25 Sep 2017 18:38:39 GMT
161 http request GET https://registry.npmjs.org/mime
162 http 304 https://registry.npmjs.org/mime
163 verbose headers { date: 'Fri, 13 Oct 2017 21:35:37 GMT',
163 verbose headers   via: '1.1 varnish',
163 verbose headers   'cache-control': 'max-age=300',
163 verbose headers   etag: 'W/"59c94d2f-8fdd"',
163 verbose headers   age: '171',
163 verbose headers   connection: 'keep-alive',
163 verbose headers   'x-served-by': 'cache-ams4447-AMS',
163 verbose headers   'x-cache': 'HIT',
163 verbose headers   'x-cache-hits': '2',
163 verbose headers   'x-timer': 'S1507930538.813595,VS0,VE0',
163 verbose headers   vary: 'Accept-Encoding, Accept' }
164 silly get cb [ 304,
164 silly get   { date: 'Fri, 13 Oct 2017 21:35:37 GMT',
164 silly get     via: '1.1 varnish',
164 silly get     'cache-control': 'max-age=300',
164 silly get     etag: 'W/"59c94d2f-8fdd"',
164 silly get     age: '171',
164 silly get     connection: 'keep-alive',
164 silly get     'x-served-by': 'cache-ams4447-AMS',
164 silly get     'x-cache': 'HIT',
164 silly get     'x-cache-hits': '2',
164 silly get     'x-timer': 'S1507930538.813595,VS0,VE0',
164 silly get     vary: 'Accept-Encoding, Accept' } ]
165 verbose etag https://registry.npmjs.org/mime from cache
166 verbose get saving mime to /home/ubuntu/.npm/registry.npmjs.org/mime/.cache.json
167 verbose correctMkdir /home/ubuntu/.npm correctMkdir not in flight; initializing
168 silly resolveWithNewModule mime@1.4.1 checking installable status
169 silly cache add args [ 'mime@1.4.1', null ]
170 verbose cache add spec mime@1.4.1
171 silly cache add parsed spec Result {
171 silly cache add   raw: 'mime@1.4.1',
171 silly cache add   scope: null,
171 silly cache add   escapedName: 'mime',
171 silly cache add   name: 'mime',
171 silly cache add   rawSpec: '1.4.1',
171 silly cache add   spec: '1.4.1',
171 silly cache add   type: 'version' }
172 silly addNamed mime@1.4.1
173 verbose addNamed "1.4.1" is a plain semver version for mime
174 silly mapToRegistry name mime
175 silly mapToRegistry using default registry
176 silly mapToRegistry registry https://registry.npmjs.org/
177 silly mapToRegistry data Result {
177 silly mapToRegistry   raw: 'mime',
177 silly mapToRegistry   scope: null,
177 silly mapToRegistry   escapedName: 'mime',
177 silly mapToRegistry   name: 'mime',
177 silly mapToRegistry   rawSpec: '',
177 silly mapToRegistry   spec: 'latest',
177 silly mapToRegistry   type: 'tag' }
178 silly mapToRegistry uri https://registry.npmjs.org/mime
179 verbose addNameVersion registry:https://registry.npmjs.org/mime not in flight; fetching
180 verbose get https://registry.npmjs.org/mime not expired, no request
181 silly cache afterAdd mime@1.4.1
182 verbose afterAdd /home/ubuntu/.npm/mime/1.4.1/package/package.json not in flight; writing
183 verbose correctMkdir /home/ubuntu/.npm correctMkdir not in flight; initializing
184 verbose afterAdd /home/ubuntu/.npm/mime/1.4.1/package/package.json written
185 silly loadAllDepsIntoIdealTree Finishing
186 silly loadIdealTree Finishing
187 silly currentTree carsthaan@1.0.0
187 silly currentTree ├── accepts@1.3.4
187 silly currentTree ├── array-flatten@1.1.1
187 silly currentTree ├── body-parser@1.18.2
187 silly currentTree ├── bytes@3.0.0
187 silly currentTree ├── content-disposition@0.5.2
187 silly currentTree ├── content-type@1.0.4
187 silly currentTree ├── cookie-signature@1.0.6
187 silly currentTree ├── cookie@0.3.1
187 silly currentTree ├── debug@2.6.9
187 silly currentTree ├── depd@1.1.1
187 silly currentTree ├── destroy@1.0.4
187 silly currentTree ├── ee-first@1.1.1
187 silly currentTree ├── ejs@2.5.7
187 silly currentTree ├── encodeurl@1.0.1
187 silly currentTree ├── escape-html@1.0.3
187 silly currentTree ├── etag@1.8.1
187 silly currentTree ├── finalhandler@1.1.0
187 silly currentTree ├── forwarded@0.1.2
187 silly currentTree ├── fresh@0.5.2
187 silly currentTree ├─┬ http-errors@1.6.2
187 silly currentTree │ └── setprototypeof@1.0.3
187 silly currentTree ├── iconv-lite@0.4.19
187 silly currentTree ├── inherits@2.0.3
187 silly currentTree ├── ipaddr.js@1.5.2
187 silly currentTree ├── media-typer@0.3.0
187 silly currentTree ├── merge-descriptors@1.0.1
187 silly currentTree ├── methods@1.1.2
187 silly currentTree ├── mime-db@1.30.0
187 silly currentTree ├── mime-types@2.1.17
187 silly currentTree ├── ms@2.0.0
187 silly currentTree ├── negotiator@0.6.1
187 silly currentTree ├── on-finished@2.3.0
187 silly currentTree ├── parseurl@1.3.2
187 silly currentTree ├── path-to-regexp@0.1.7
187 silly currentTree ├── proxy-addr@2.0.2
187 silly currentTree ├── qs@6.5.1
187 silly currentTree ├── range-parser@1.2.0
187 silly currentTree ├── raw-body@2.3.2
187 silly currentTree ├── safe-buffer@5.1.1
187 silly currentTree ├── setprototypeof@1.1.0
187 silly currentTree ├── statuses@1.3.1
187 silly currentTree ├── type-is@1.6.15
187 silly currentTree ├── unpipe@1.0.0
187 silly currentTree ├── utils-merge@1.0.1
187 silly currentTree └── vary@1.1.2
188 silly idealTree carsthaan@1.0.0
188 silly idealTree ├── accepts@1.3.4
188 silly idealTree ├── array-flatten@1.1.1
188 silly idealTree ├── body-parser@1.18.2
188 silly idealTree ├── bytes@3.0.0
188 silly idealTree ├── content-disposition@0.5.2
188 silly idealTree ├── content-type@1.0.4
188 silly idealTree ├── cookie-signature@1.0.6
188 silly idealTree ├── cookie@0.3.1
188 silly idealTree ├── debug@2.6.9
188 silly idealTree ├── depd@1.1.1
188 silly idealTree ├── destroy@1.0.4
188 silly idealTree ├── ee-first@1.1.1
188 silly idealTree ├── ejs@2.5.7
188 silly idealTree ├── encodeurl@1.0.1
188 silly idealTree ├── escape-html@1.0.3
188 silly idealTree ├── etag@1.8.1
188 silly idealTree ├── express@4.16.2
188 silly idealTree ├── finalhandler@1.1.0
188 silly idealTree ├── forwarded@0.1.2
188 silly idealTree ├── fresh@0.5.2
188 silly idealTree ├─┬ http-errors@1.6.2
188 silly idealTree │ └── setprototypeof@1.0.3
188 silly idealTree ├── iconv-lite@0.4.19
188 silly idealTree ├── inherits@2.0.3
188 silly idealTree ├── ipaddr.js@1.5.2
188 silly idealTree ├── media-typer@0.3.0
188 silly idealTree ├── merge-descriptors@1.0.1
188 silly idealTree ├── methods@1.1.2
188 silly idealTree ├── mime-db@1.30.0
188 silly idealTree ├── mime-types@2.1.17
188 silly idealTree ├── mime@1.4.1
188 silly idealTree ├── ms@2.0.0
188 silly idealTree ├── negotiator@0.6.1
188 silly idealTree ├── on-finished@2.3.0
188 silly idealTree ├── parseurl@1.3.2
188 silly idealTree ├── path-to-regexp@0.1.7
188 silly idealTree ├── proxy-addr@2.0.2
188 silly idealTree ├── qs@6.5.1
188 silly idealTree ├── range-parser@1.2.0
188 silly idealTree ├── raw-body@2.3.2
188 silly idealTree ├── safe-buffer@5.1.1
188 silly idealTree ├── send@0.16.1
188 silly idealTree ├── serve-static@1.13.1
188 silly idealTree ├── setprototypeof@1.1.0
188 silly idealTree ├── statuses@1.3.1
188 silly idealTree ├── type-is@1.6.15
188 silly idealTree ├── unpipe@1.0.0
188 silly idealTree ├── utils-merge@1.0.1
188 silly idealTree └── vary@1.1.2
189 silly generateActionsToTake Starting
190 silly install generateActionsToTake
191 silly generateActionsToTake Finishing
192 silly diffTrees action count 4
193 silly diffTrees add mime@1.4.1
194 silly diffTrees add send@0.16.1
195 silly diffTrees add serve-static@1.13.1
196 silly diffTrees add express@4.16.2
197 silly decomposeActions action count 32
198 silly decomposeActions fetch mime@1.4.1
199 silly decomposeActions extract mime@1.4.1
200 silly decomposeActions test mime@1.4.1
201 silly decomposeActions preinstall mime@1.4.1
202 silly decomposeActions build mime@1.4.1
203 silly decomposeActions install mime@1.4.1
204 silly decomposeActions postinstall mime@1.4.1
205 silly decomposeActions finalize mime@1.4.1
206 silly decomposeActions fetch send@0.16.1
207 silly decomposeActions extract send@0.16.1
208 silly decomposeActions test send@0.16.1
209 silly decomposeActions preinstall send@0.16.1
210 silly decomposeActions build send@0.16.1
211 silly decomposeActions install send@0.16.1
212 silly decomposeActions postinstall send@0.16.1
213 silly decomposeActions finalize send@0.16.1
214 silly decomposeActions fetch serve-static@1.13.1
215 silly decomposeActions extract serve-static@1.13.1
216 silly decomposeActions test serve-static@1.13.1
217 silly decomposeActions preinstall serve-static@1.13.1
218 silly decomposeActions build serve-static@1.13.1
219 silly decomposeActions install serve-static@1.13.1
220 silly decomposeActions postinstall serve-static@1.13.1
221 silly decomposeActions finalize serve-static@1.13.1
222 silly decomposeActions fetch express@4.16.2
223 silly decomposeActions extract express@4.16.2
224 silly decomposeActions test express@4.16.2
225 silly decomposeActions preinstall express@4.16.2
226 silly decomposeActions build express@4.16.2
227 silly decomposeActions install express@4.16.2
228 silly decomposeActions postinstall express@4.16.2
229 silly decomposeActions finalize express@4.16.2
230 silly runTopLevelLifecycles Starting
231 silly executeActions Starting
232 silly install executeActions
233 silly doSerial global-install 0
234 silly doParallel fetch 4
235 verbose correctMkdir /home/ubuntu/.npm/_locks correctMkdir not in flight; initializing
236 verbose lock using /home/ubuntu/.npm/_locks/staging-f7ae1fb96a647149.lock for /media/ubuntu/HUSAINZAK/HACKDTU/node_modules/.staging
237 silly doParallel extract 4
238 silly extract mime@1.4.1
239 silly extract send@0.16.1
240 silly extract serve-static@1.13.1
241 silly extract express@4.16.2
242 verbose unbuild node_modules/.staging/send-12570873
243 verbose unbuild node_modules/.staging/express-2886fe29
244 verbose unbuild node_modules/.staging/mime-ea1a3e24
245 verbose unbuild node_modules/.staging/serve-static-b6ace698
246 silly gentlyRm /media/ubuntu/HUSAINZAK/HACKDTU/node_modules/.staging/send-12570873 is being purged from base /media/ubuntu/HUSAINZAK/HACKDTU
247 verbose gentlyRm don't care about contents; nuking /media/ubuntu/HUSAINZAK/HACKDTU/node_modules/.staging/send-12570873
248 silly gentlyRm /media/ubuntu/HUSAINZAK/HACKDTU/node_modules/.staging/express-2886fe29 is being purged from base /media/ubuntu/HUSAINZAK/HACKDTU
249 verbose gentlyRm don't care about contents; nuking /media/ubuntu/HUSAINZAK/HACKDTU/node_modules/.staging/express-2886fe29
250 silly gentlyRm /media/ubuntu/HUSAINZAK/HACKDTU/node_modules/.staging/mime-ea1a3e24 is being purged from base /media/ubuntu/HUSAINZAK/HACKDTU
251 verbose gentlyRm don't care about contents; nuking /media/ubuntu/HUSAINZAK/HACKDTU/node_modules/.staging/mime-ea1a3e24
252 verbose tar unpack /home/ubuntu/.npm/send/0.16.1/package.tgz
253 verbose tar unpacking to /media/ubuntu/HUSAINZAK/HACKDTU/node_modules/.staging/send-12570873
254 silly gentlyRm /media/ubuntu/HUSAINZAK/HACKDTU/node_modules/.staging/send-12570873 is being purged
255 verbose gentlyRm don't care about contents; nuking /media/ubuntu/HUSAINZAK/HACKDTU/node_modules/.staging/send-12570873
256 silly gentlyRm /media/ubuntu/HUSAINZAK/HACKDTU/node_modules/.staging/serve-static-b6ace698 is being purged from base /media/ubuntu/HUSAINZAK/HACKDTU
257 verbose gentlyRm don't care about contents; nuking /media/ubuntu/HUSAINZAK/HACKDTU/node_modules/.staging/serve-static-b6ace698
258 verbose tar unpack /home/ubuntu/.npm/express/4.16.2/package.tgz
259 verbose tar unpacking to /media/ubuntu/HUSAINZAK/HACKDTU/node_modules/.staging/express-2886fe29
260 silly gentlyRm /media/ubuntu/HUSAINZAK/HACKDTU/node_modules/.staging/express-2886fe29 is being purged
261 verbose gentlyRm don't care about contents; nuking /media/ubuntu/HUSAINZAK/HACKDTU/node_modules/.staging/express-2886fe29
262 verbose tar unpack /home/ubuntu/.npm/mime/1.4.1/package.tgz
263 verbose tar unpacking to /media/ubuntu/HUSAINZAK/HACKDTU/node_modules/.staging/mime-ea1a3e24
264 silly gentlyRm /media/ubuntu/HUSAINZAK/HACKDTU/node_modules/.staging/mime-ea1a3e24 is being purged
265 verbose gentlyRm don't care about contents; nuking /media/ubuntu/HUSAINZAK/HACKDTU/node_modules/.staging/mime-ea1a3e24
266 silly gunzTarPerm modes [ '755', '644' ]
267 verbose tar unpack /home/ubuntu/.npm/serve-static/1.13.1/package.tgz
268 verbose tar unpacking to /media/ubuntu/HUSAINZAK/HACKDTU/node_modules/.staging/serve-static-b6ace698
269 silly gentlyRm /media/ubuntu/HUSAINZAK/HACKDTU/node_modules/.staging/serve-static-b6ace698 is being purged
270 verbose gentlyRm don't care about contents; nuking /media/ubuntu/HUSAINZAK/HACKDTU/node_modules/.staging/serve-static-b6ace698
271 silly gunzTarPerm modes [ '755', '644' ]
272 silly gunzTarPerm modes [ '755', '644' ]
273 silly gunzTarPerm modes [ '755', '644' ]
274 silly gunzTarPerm extractEntry package.json
275 silly gunzTarPerm extractEntry package.json
276 silly gunzTarPerm modified mode [ 'package.json', 438, 420 ]
277 silly gunzTarPerm extractEntry package.json
278 silly gunzTarPerm extractEntry package.json
279 silly gunzTarPerm extractEntry README.md
280 silly gunzTarPerm extractEntry LICENSE
281 silly gunzTarPerm extractEntry index.js
282 silly gunzTarPerm extractEntry HISTORY.md
283 silly gunzTarPerm extractEntry LICENSE
284 silly gunzTarPerm modified mode [ 'LICENSE', 438, 420 ]
285 silly gunzTarPerm extractEntry index.js
286 silly gunzTarPerm modified mode [ 'index.js', 438, 420 ]
287 silly gunzTarPerm extractEntry cli.js
288 silly gunzTarPerm extractEntry LICENSE
289 silly gunzTarPerm extractEntry README.md
290 silly gunzTarPerm extractEntry LICENSE
291 silly gunzTarPerm extractEntry index.js
292 silly gunzTarPerm extractEntry HISTORY.md
293 silly gunzTarPerm extractEntry Readme.md
294 silly gunzTarPerm modified mode [ 'Readme.md', 438, 420 ]
295 silly gunzTarPerm extractEntry History.md
296 silly gunzTarPerm modified mode [ 'History.md', 438, 420 ]
297 silly gunzTarPerm extractEntry mime.js
298 silly gunzTarPerm extractEntry README.md
299 silly gunzTarPerm extractEntry lib/application.js
300 silly gunzTarPerm modified mode [ 'lib/application.js', 438, 420 ]
301 silly gunzTarPerm extractEntry types.json
302 silly gunzTarPerm extractEntry build/build.js
303 silly gunzTarPerm extractEntry build/test.js
304 silly gunzTarPerm extractEntry lib/express.js
305 silly gunzTarPerm modified mode [ 'lib/express.js', 438, 420 ]
306 silly gunzTarPerm extractEntry lib/request.js
307 silly gunzTarPerm modified mode [ 'lib/request.js', 438, 420 ]
308 silly gunzTarPerm extractEntry lib/response.js
309 silly gunzTarPerm modified mode [ 'lib/response.js', 438, 420 ]
310 silly gunzTarPerm extractEntry lib/utils.js
311 silly gunzTarPerm modified mode [ 'lib/utils.js', 438, 420 ]
312 silly gunzTarPerm extractEntry lib/view.js
313 silly gunzTarPerm modified mode [ 'lib/view.js', 438, 420 ]
314 silly gunzTarPerm extractEntry lib/middleware/init.js
315 silly gunzTarPerm modified mode [ 'lib/middleware/init.js', 438, 420 ]
316 silly gunzTarPerm extractEntry lib/middleware/query.js
317 silly gunzTarPerm modified mode [ 'lib/middleware/query.js', 438, 420 ]
318 silly gunzTarPerm extractEntry lib/router/index.js
319 silly gunzTarPerm modified mode [ 'lib/router/index.js', 438, 420 ]
320 silly gunzTarPerm extractEntry lib/router/layer.js
321 silly gunzTarPerm modified mode [ 'lib/router/layer.js', 438, 420 ]
322 silly gunzTarPerm extractEntry lib/router/route.js
323 silly gunzTarPerm modified mode [ 'lib/router/route.js', 438, 420 ]
324 silly gentlyRm /media/ubuntu/HUSAINZAK/HACKDTU/node_modules/.staging/serve-static-b6ace698/node_modules is being purged
325 verbose gentlyRm don't care about contents; nuking /media/ubuntu/HUSAINZAK/HACKDTU/node_modules/.staging/serve-static-b6ace698/node_modules
326 silly gentlyRm /media/ubuntu/HUSAINZAK/HACKDTU/node_modules/.staging/send-12570873/node_modules is being purged
327 verbose gentlyRm don't care about contents; nuking /media/ubuntu/HUSAINZAK/HACKDTU/node_modules/.staging/send-12570873/node_modules
328 silly gentlyRm /media/ubuntu/HUSAINZAK/HACKDTU/node_modules/.staging/mime-ea1a3e24/node_modules is being purged
329 verbose gentlyRm don't care about contents; nuking /media/ubuntu/HUSAINZAK/HACKDTU/node_modules/.staging/mime-ea1a3e24/node_modules
330 silly gentlyRm /media/ubuntu/HUSAINZAK/HACKDTU/node_modules/.staging/express-2886fe29/node_modules is being purged
331 verbose gentlyRm don't care about contents; nuking /media/ubuntu/HUSAINZAK/HACKDTU/node_modules/.staging/express-2886fe29/node_modules
332 silly doParallel preinstall 4
333 silly preinstall mime@1.4.1 /media/ubuntu/HUSAINZAK/HACKDTU/node_modules/.staging/mime-ea1a3e24
334 info lifecycle mime@1.4.1~preinstall: mime@1.4.1
335 silly preinstall send@0.16.1 /media/ubuntu/HUSAINZAK/HACKDTU/node_modules/.staging/send-12570873
336 info lifecycle send@0.16.1~preinstall: send@0.16.1
337 silly preinstall serve-static@1.13.1 /media/ubuntu/HUSAINZAK/HACKDTU/node_modules/.staging/serve-static-b6ace698
338 info lifecycle serve-static@1.13.1~preinstall: serve-static@1.13.1
339 silly preinstall express@4.16.2 /media/ubuntu/HUSAINZAK/HACKDTU/node_modules/.staging/express-2886fe29
340 info lifecycle express@4.16.2~preinstall: express@4.16.2
341 silly lifecycle mime@1.4.1~preinstall: no script for preinstall, continuing
342 silly lifecycle send@0.16.1~preinstall: no script for preinstall, continuing
343 silly lifecycle serve-static@1.13.1~preinstall: no script for preinstall, continuing
344 silly lifecycle express@4.16.2~preinstall: no script for preinstall, continuing
345 silly doReverseSerial remove 0
346 silly doSerial move 0
347 silly doSerial finalize 4
348 silly finalize /media/ubuntu/HUSAINZAK/HACKDTU/node_modules/mime
349 silly finalize /media/ubuntu/HUSAINZAK/HACKDTU/node_modules/send
350 silly finalize /media/ubuntu/HUSAINZAK/HACKDTU/node_modules/serve-static
351 silly finalize /media/ubuntu/HUSAINZAK/HACKDTU/node_modules/express
352 silly doSerial build 4
353 silly build mime@1.4.1
354 info linkStuff mime@1.4.1
355 silly linkStuff mime@1.4.1 has /media/ubuntu/HUSAINZAK/HACKDTU/node_modules as its parent node_modules
356 verbose linkBins mime@1.4.1
357 verbose link bins [ { mime: 'cli.js' },
357 verbose link bins   '/media/ubuntu/HUSAINZAK/HACKDTU/node_modules/.bin',
357 verbose link bins   false ]
358 verbose linkMans mime@1.4.1
359 silly gentlyRm /media/ubuntu/HUSAINZAK/HACKDTU/node_modules/.bin/mime is being purged
360 verbose gentlyRm don't care about contents; nuking /media/ubuntu/HUSAINZAK/HACKDTU/node_modules/.bin/mime
361 verbose unlock done using /home/ubuntu/.npm/_locks/staging-f7ae1fb96a647149.lock for /media/ubuntu/HUSAINZAK/HACKDTU/node_modules/.staging
362 silly rollbackFailedOptional Starting
363 silly rollbackFailedOptional Finishing
364 silly runTopLevelLifecycles Finishing
365 silly install printInstalled
366 verbose stack Error: EPERM: operation not permitted, symlink '../mime/cli.js' -> '/media/ubuntu/HUSAINZAK/HACKDTU/node_modules/.bin/mime'
366 verbose stack     at Error (native)
367 verbose cwd /media/ubuntu/HUSAINZAK/HACKDTU
368 error Linux 4.4.0-21-generic
369 error argv "/usr/bin/node" "/usr/bin/npm" "update"
370 error node v6.11.4
371 error npm  v3.10.10
372 error path ../mime/cli.js
373 error code EPERM
374 error errno -1
375 error syscall symlink
376 error Error: EPERM: operation not permitted, symlink '../mime/cli.js' -> '/media/ubuntu/HUSAINZAK/HACKDTU/node_modules/.bin/mime'
376 error     at Error (native)
376 error  { Error: EPERM: operation not permitted, symlink '../mime/cli.js' -> '/media/ubuntu/HUSAINZAK/HACKDTU/node_modules/.bin/mime'
376 error     at Error (native)
376 error   errno: -1,
376 error   code: 'EPERM',
376 error   syscall: 'symlink',
376 error   path: '../mime/cli.js',
376 error   dest: '/media/ubuntu/HUSAINZAK/HACKDTU/node_modules/.bin/mime',
376 error   parent: 'carsthaan' }
377 error Please try running this command again as root/Administrator.
378 verbose exit [ -1, true ]
